2025-06-20 20:06:18,030 [INFO] [MainThread] [root/log.py:59]: YASB v1.7.6
2025-06-20 20:06:18,030 [INFO] [Thread-1 (_run_server)] [cli_server/cli_server.py:212]: CLI server started v1.1.2
2025-06-20 20:06:18,030 [INFO] [MainThread] [cli_server/cli_server.py:104]: Log pipe server started
2025-06-20 20:06:18,929 [DEBUG] [MainThread] [tzlocal/win32.py:55]: Looking up time zone info from registry
2025-06-20 20:06:22,521 [DEBUG] [MainThread] [comtypes/__init__.py:149]: CoInitializeEx(None, 2)
2025-06-20 20:06:23,635 [INFO] [MainThread] [root/bar_manager.py:70]: Starting SystemEventListener...
2025-06-20 20:06:23,635 [INFO] [MainThread] [root/bar_manager.py:70]: Starting WindowsNotificationEventListener...
2025-06-20 20:06:23,639 [INFO] [MainThread] [root/watcher.py:54]: Created file watcher for path C:\Users\Vishvaa\.config\yasb
2025-06-20 20:06:23,711 [DEBUG] [MainThread] [qasync._windows._EventPoller/_windows.py:213]: Starting (proactor: <_IocpProactor overlapped#=0 result#=0>)...
2025-06-20 20:06:23,712 [DEBUG] [Dummy-5] [qasync._windows._EventWorker/_windows.py:192]: Thread started
2025-06-20 20:06:41,027 [INFO] [MainThread] [root/controller.py:14]: Reloading Application because of config change.
2025-06-20 20:06:41,140 [INFO] [MainThread] [cli_server/cli_server.py:112]: Log pipe server stopped
2025-06-20 20:06:41,140 [DEBUG] [MainThread] [cli_server/cli_server.py:206]: CLI server stopped
2025-06-20 20:06:41,148 [INFO] [MainThread] [root/bar_manager.py:61]: Successfully loaded updated config and re-initialised all bars.
2025-06-20 20:06:41,149 [DEBUG] [MainThread] [qasync._windows._EventPoller/_windows.py:218]: Stopping worker thread...
2025-06-20 20:06:41,155 [DEBUG] [Dummy-5] [qasync._windows._EventWorker/_windows.py:201]: Exiting thread
2025-06-20 20:06:41,157 [DEBUG] [MainThread] [qasync._windows._IocpProactor/_windows.py:75]: Closing
2025-06-20 20:06:41,776 [INFO] [MainThread] [root/log.py:59]: YASB v1.7.6
2025-06-20 20:06:41,777 [INFO] [Thread-1 (_run_server)] [cli_server/cli_server.py:212]: CLI server started v1.1.2
2025-06-20 20:06:41,777 [INFO] [MainThread] [cli_server/cli_server.py:104]: Log pipe server started
2025-06-20 20:06:42,054 [DEBUG] [MainThread] [tzlocal/win32.py:55]: Looking up time zone info from registry
2025-06-20 20:06:42,326 [DEBUG] [MainThread] [comtypes/__init__.py:149]: CoInitializeEx(None, 2)
2025-06-20 20:06:43,162 [INFO] [MainThread] [root/bar_manager.py:70]: Starting WindowsNotificationEventListener...
2025-06-20 20:06:43,164 [INFO] [MainThread] [root/bar_manager.py:70]: Starting SystemEventListener...
2025-06-20 20:06:43,164 [INFO] [MainThread] [root/watcher.py:54]: Created file watcher for path C:\Users\Vishvaa\.config\yasb
2025-06-20 20:06:43,232 [DEBUG] [MainThread] [qasync._windows._EventPoller/_windows.py:213]: Starting (proactor: <_IocpProactor overlapped#=0 result#=0>)...
2025-06-20 20:06:43,233 [DEBUG] [Dummy-5] [qasync._windows._EventWorker/_windows.py:192]: Thread started
